0 info it worked if it ends with ok
1 verbose cli [ '/usr/local/bin/node', '/usr/local/bin/npm', 'start' ]
2 info using npm@4.1.2
3 info using node@v7.6.0
4 verbose run-script [ 'prestart', 'start', 'poststart' ]
5 info lifecycle auth0-nodejs-regular-webapp-sample@1.0.0~prestart: auth0-nodejs-regular-webapp-sample@1.0.0
6 silly lifecycle auth0-nodejs-regular-webapp-sample@1.0.0~prestart: no script for prestart, continuing
7 info lifecycle auth0-nodejs-regular-webapp-sample@1.0.0~start: auth0-nodejs-regular-webapp-sample@1.0.0
8 verbose lifecycle auth0-nodejs-regular-webapp-sample@1.0.0~start: unsafe-perm in lifecycle true
9 verbose lifecycle auth0-nodejs-regular-webapp-sample@1.0.0~start: PATH: /usr/local/lib/node_modules/npm/bin/node-gyp-bin:/Users/vikasjayaram/GitHub/auth0-samples/auth0-cross-origin-webapp/node_modules/.bin:/usr/local/bin:/usr/bin:/bin:/usr/sbin:/sbin:/usr/local/MacGPG2/bin:/usr/local/share/dotnet:/Library/Frameworks/Mono.framework/Versions/Current/Commands:/Applications/Wireshark.app/Contents/MacOS:/Applications/Xamarin Workbooks.app/Contents/SharedSupport/path-bin
10 verbose lifecycle auth0-nodejs-regular-webapp-sample@1.0.0~start: CWD: /Users/vikasjayaram/GitHub/auth0-samples/auth0-cross-origin-webapp
11 silly lifecycle auth0-nodejs-regular-webapp-sample@1.0.0~start: Args: [ '-c', 'node ./bin/www' ]
12 silly lifecycle auth0-nodejs-regular-webapp-sample@1.0.0~start: Returned: code: 1  signal: null
13 info lifecycle auth0-nodejs-regular-webapp-sample@1.0.0~start: Failed to exec start script
14 verbose stack Error: auth0-nodejs-regular-webapp-sample@1.0.0 start: `node ./bin/www`
14 verbose stack Exit status 1
14 verbose stack     at EventEmitter.<anonymous> (/usr/local/lib/node_modules/npm/lib/utils/lifecycle.js:279:16)
14 verbose stack     at emitTwo (events.js:106:13)
14 verbose stack     at EventEmitter.emit (events.js:192:7)
14 verbose stack     at ChildProcess.<anonymous> (/usr/local/lib/node_modules/npm/lib/utils/spawn.js:40:14)
14 verbose stack     at emitTwo (events.js:106:13)
14 verbose stack     at ChildProcess.emit (events.js:192:7)
14 verbose stack     at maybeClose (internal/child_process.js:890:16)
14 verbose stack     at Process.ChildProcess._handle.onexit (internal/child_process.js:226:5)
15 verbose pkgid auth0-nodejs-regular-webapp-sample@1.0.0
16 verbose cwd /Users/vikasjayaram/GitHub/auth0-samples/auth0-cross-origin-webapp
17 error Darwin 17.6.0
18 error argv "/usr/local/bin/node" "/usr/local/bin/npm" "start"
19 error node v7.6.0
20 error npm  v4.1.2
21 error code ELIFECYCLE
22 error auth0-nodejs-regular-webapp-sample@1.0.0 start: `node ./bin/www`
22 error Exit status 1
23 error Failed at the auth0-nodejs-regular-webapp-sample@1.0.0 start script 'node ./bin/www'.
23 error Make sure you have the latest version of node.js and npm installed.
23 error If you do, this is most likely a problem with the auth0-nodejs-regular-webapp-sample package,
23 error not with npm itself.
23 error Tell the author that this fails on your system:
23 error     node ./bin/www
23 error You can get information on how to open an issue for this project with:
23 error     npm bugs auth0-nodejs-regular-webapp-sample
23 error Or if that isn't available, you can get their info via:
23 error     npm owner ls auth0-nodejs-regular-webapp-sample
23 error There is likely additional logging output above.
24 verbose exit [ 1, true ]
